Started GET "/" for 127.0.0.1 at 2017-06-26 16:09:50 -0300
Processing by WelcomeController#index as HTML
  Rendering welcome/index.html.erb within layouts/application
  Rendered welcome/index.html.erb within layouts/application (6.4ms)
Completed 200 OK in 774ms (Views: 276.5ms)


Started GET "/" for 127.0.0.1 at 2017-06-26 16:29:15 -0300
Processing by WelcomeController#index as HTML
  Rendering welcome/index.html.erb within layouts/application
  Rendered welcome/index.html.erb within layouts/application (0.5ms)
Completed 200 OK in 369ms (Views: 170.2ms)


Started GET "/" for 127.0.0.1 at 2017-06-26 16:32:39 -0300
Processing by WelcomeController#index as HTML
  Rendering welcome/index.html.erb within layouts/application
  Rendered welcome/index.html.erb within layouts/application (0.5ms)
Completed 200 OK in 319ms (Views: 121.7ms)


Started GET "/" for 127.0.0.1 at 2017-06-26 16:40:28 -0300
Processing by WelcomeController#index as HTML
  Rendering welcome/index.html.erb within layouts/application
  Rendered welcome/index.html.erb within layouts/application (0.5ms)
Completed 200 OK in 321ms (Views: 117.0ms)


  [1m[35m (0.1ms)[0m  [1m[34mSELECT sqlite_version(*)[0m
  [1m[35m (69.9ms)[0m  [1m[35mCREATE TABLE "schema_migrations" ("version" varchar NOT NULL PRIMARY KEY)[0m
  [1m[35m (94.6ms)[0m  [1m[35mCREATE TABLE "ar_internal_metadata" ("key" varchar NOT NULL PRIMARY KEY, "value" varchar, "created_at" datetime NOT NULL, "updated_at" datetime NOT NULL)[0m
  [1m[35m (0.2ms)[0m  [1m[34mSELECT "schema_migrations"."version" FROM "schema_migrations" ORDER BY "schema_migrations"."version" ASC[0m
Migrating to DeviseCreateUsers (20170626201029)
  [1m[35m (0.1ms)[0m  [1m[36mbegin transaction[0m
  [1m[35m (0.9ms)[0m  [1m[35mCREATE TABLE "users" ("id" INTEGER PRIMARY KEY AUTOINCREMENT NOT NULL, "email" varchar DEFAULT '' NOT NULL, "encrypted_password" varchar DEFAULT '' NOT NULL, "reset_password_token" varchar, "reset_password_sent_at" datetime, "remember_created_at" datetime, "sign_in_count" integer DEFAULT 0 NOT NULL, "current_sign_in_at" datetime, "last_sign_in_at" datetime, "current_sign_in_ip" varchar, "last_sign_in_ip" varchar, "created_at" datetime NOT NULL, "updated_at" datetime NOT NULL)[0m
  [1m[35m (14.5ms)[0m  [1m[35mCREATE UNIQUE INDEX "index_users_on_email" ON "users" ("email")[0m
  [1m[35m (0.1ms)[0m  [1m[34m            SELECT sql
            FROM sqlite_master
            WHERE name='index_users_on_email' AND type='index'
            UNION ALL
            SELECT sql
            FROM sqlite_temp_master
            WHERE name='index_users_on_email' AND type='index'
[0m
  [1m[35m (0.1ms)[0m  [1m[35mCREATE UNIQUE INDEX "index_users_on_reset_password_token" ON "users" ("reset_password_token")[0m
  [1m[35mSQL (0.1ms)[0m  [1m[32mINSERT INTO "schema_migrations" ("version") VALUES (?)[0m  [["version", "20170626201029"]]
  [1m[35m (79.5ms)[0m  [1m[36mcommit transaction[0m
  [1m[36mActiveRecord::InternalMetadata Load (0.1ms)[0m  [1m[34mSELECT  "ar_internal_metadata".* FROM "ar_internal_metadata" WHERE "ar_internal_metadata"."key" = ? LIMIT ?[0m  [["key", "environment"], ["LIMIT", 1]]
  [1m[35m (0.0ms)[0m  [1m[36mbegin transaction[0m
  [1m[35mSQL (0.1ms)[0m  [1m[32mINSERT INTO "ar_internal_metadata" ("key", "value", "created_at", "updated_at") VALUES (?, ?, ?, ?)[0m  [["key", "environment"], ["value", "development"], ["created_at", "2017-06-26 20:12:29.076102"], ["updated_at", "2017-06-26 20:12:29.076102"]]
  [1m[35m (56.7ms)[0m  [1m[36mcommit transaction[0m
  [1m[35m (0.1ms)[0m  [1m[34mSELECT "schema_migrations"."version" FROM "schema_migrations" ORDER BY "schema_migrations"."version" ASC[0m
  [1m[35m (0.1ms)[0m  [1m[34m            SELECT sql
            FROM sqlite_master
            WHERE name='index_users_on_reset_password_token' AND type='index'
            UNION ALL
            SELECT sql
            FROM sqlite_temp_master
            WHERE name='index_users_on_reset_password_token' AND type='index'
[0m
  [1m[35m (0.1ms)[0m  [1m[34m            SELECT sql
            FROM sqlite_master
            WHERE name='index_users_on_email' AND type='index'
            UNION ALL
            SELECT sql
            FROM sqlite_temp_master
            WHERE name='index_users_on_email' AND type='index'
[0m
Started GET "/" for 127.0.0.1 at 2017-06-26 17:20:25 -0300
  [1m[35m (0.2ms)[0m  [1m[34mSELECT "schema_migrations"."version" FROM "schema_migrations" ORDER BY "schema_migrations"."version" ASC[0m
Processing by WelcomeController#index as HTML
Completed 401 Unauthorized in 10ms (ActiveRecord: 0.0ms)


Started GET "/users/sign_in" for 127.0.0.1 at 2017-06-26 17:20:25 -0300
Processing by Devise::SessionsController#new as HTML
  Rendering /var/lib/gems/2.3.0/gems/devise-4.3.0/app/views/devise/sessions/new.html.erb within layouts/application
  Rendered /var/lib/gems/2.3.0/gems/devise-4.3.0/app/views/devise/shared/_links.html.erb (0.9ms) [cache miss]
  Rendered /var/lib/gems/2.3.0/gems/devise-4.3.0/app/views/devise/sessions/new.html.erb within layouts/application (42.7ms)
Completed 200 OK in 448ms (Views: 433.4ms | ActiveRecord: 0.5ms)


Started POST "/users/sign_in" for 127.0.0.1 at 2017-06-26 17:20:55 -0300
Processing by Devise::SessionsController#create as HTML
  Parameters: {"utf8"=>"✓", "authenticity_token"=>"UPN/2JHYBvo4vEAz8Tprw87EehblZSyrum2wC5UVjrqo14wASJEpu3ZXumjrlsLYsYf/vAz8rvdjmlqcm/wQ/A==", "user"=>{"email"=>"tavioalves@gmail.com", "password"=>"[FILTERED]", "remember_me"=>"0"}, "commit"=>"Log in"}
  [1m[36mUser Load (0.2ms)[0m  [1m[34mSELECT  "users".* FROM "users" WHERE "users"."email" = ? ORDER BY "users"."id" ASC LIMIT ?[0m  [["email", "tavioalves@gmail.com"], ["LIMIT", 1]]
Completed 401 Unauthorized in 8ms (ActiveRecord: 0.2ms)


Processing by Devise::SessionsController#new as HTML
  Parameters: {"utf8"=>"✓", "authenticity_token"=>"UPN/2JHYBvo4vEAz8Tprw87EehblZSyrum2wC5UVjrqo14wASJEpu3ZXumjrlsLYsYf/vAz8rvdjmlqcm/wQ/A==", "user"=>{"email"=>"tavioalves@gmail.com", "password"=>"[FILTERED]", "remember_me"=>"0"}, "commit"=>"Log in"}
  Rendering /var/lib/gems/2.3.0/gems/devise-4.3.0/app/views/devise/sessions/new.html.erb within layouts/application
  Rendered /var/lib/gems/2.3.0/gems/devise-4.3.0/app/views/devise/shared/_links.html.erb (0.7ms) [cache miss]
  Rendered /var/lib/gems/2.3.0/gems/devise-4.3.0/app/views/devise/sessions/new.html.erb within layouts/application (3.0ms)
Completed 200 OK in 182ms (Views: 12.7ms | ActiveRecord: 0.0ms)


Started GET "/users/sign_up" for 127.0.0.1 at 2017-06-26 17:20:59 -0300
Processing by Devise::RegistrationsController#new as HTML
  Rendering /var/lib/gems/2.3.0/gems/devise-4.3.0/app/views/devise/registrations/new.html.erb within layouts/application
  Rendered /var/lib/gems/2.3.0/gems/devise-4.3.0/app/views/devise/shared/_links.html.erb (1.3ms) [cache miss]
  Rendered /var/lib/gems/2.3.0/gems/devise-4.3.0/app/views/devise/registrations/new.html.erb within layouts/application (5.4ms)
Completed 200 OK in 44ms (Views: 42.6ms | ActiveRecord: 0.0ms)


Started POST "/users" for 127.0.0.1 at 2017-06-26 17:21:14 -0300
Processing by Devise::RegistrationsController#create as HTML
  Parameters: {"utf8"=>"✓", "authenticity_token"=>"0eTYKGUh/cMaZ+yHwKrNvszY8c3Oqg6WPIdIuDBOHVF9CRXwFCke5CWqIh/1IC7//460AbIoDd3eqhIijqDJag==", "user"=>{"email"=>"tavioalves@gmail.com", "password"=>"[FILTERED]", "password_confirmation"=>"[FILTERED]"}, "commit"=>"Sign up"}
  [1m[35m (0.1ms)[0m  [1m[36mbegin transaction[0m
  [1m[36mUser Exists (0.2ms)[0m  [1m[34mSELECT  1 AS one FROM "users" WHERE "users"."email" = ? LIMIT ?[0m  [["email", "tavioalves@gmail.com"], ["LIMIT", 1]]
  [1m[35mSQL (1.0ms)[0m  [1m[32mINSERT INTO "users" ("email", "encrypted_password", "created_at", "updated_at") VALUES (?, ?, ?, ?)[0m  [["email", "tavioalves@gmail.com"], ["encrypted_password", "$2a$11$WD7PNYEouNML6MF6P56X5eG8/ZxgRF08JsCYIbeQjrVliZFwg9ysq"], ["created_at", "2017-06-26 20:21:14.373330"], ["updated_at", "2017-06-26 20:21:14.373330"]]
  [1m[35m (65.4ms)[0m  [1m[36mcommit transaction[0m
  [1m[35m (0.1ms)[0m  [1m[36mbegin transaction[0m
  [1m[35mSQL (0.2ms)[0m  [1m[33mUPDATE "users" SET "sign_in_count" = ?, "current_sign_in_at" = ?, "last_sign_in_at" = ?, "current_sign_in_ip" = ?, "last_sign_in_ip" = ?, "updated_at" = ? WHERE "users"."id" = ?[0m  [["sign_in_count", 1], ["current_sign_in_at", "2017-06-26 20:21:14.441936"], ["last_sign_in_at", "2017-06-26 20:21:14.441936"], ["current_sign_in_ip", "127.0.0.1"], ["last_sign_in_ip", "127.0.0.1"], ["updated_at", "2017-06-26 20:21:14.442602"], ["id", 1]]
  [1m[35m (71.1ms)[0m  [1m[36mcommit transaction[0m
Redirected to http://0.0.0.0:3000/
Completed 302 Found in 287ms (ActiveRecord: 137.9ms)


Started GET "/" for 127.0.0.1 at 2017-06-26 17:21:14 -0300
Processing by WelcomeController#index as HTML
  [1m[36mUser Load (0.2ms)[0m  [1m[34mSELECT  "users".* FROM "users" WHERE "users"."id" = ? ORDER BY "users"."id" ASC LIMIT ?[0m  [["id", 1], ["LIMIT", 1]]
  Rendering welcome/index.html.erb within layouts/application
  Rendered welcome/index.html.erb within layouts/application (0.4ms)
Completed 200 OK in 31ms (Views: 13.6ms | ActiveRecord: 0.2ms)


Started GET "/users/sign_out" for 127.0.0.1 at 2017-06-26 17:21:16 -0300
  
ActionController::RoutingError (No route matches [GET] "/users/sign_out"):
  
actionpack (5.1.1) lib/action_dispatch/middleware/debug_exceptions.rb:63:in `call'
web-console (3.5.1) lib/web_console/middleware.rb:135:in `call_app'
web-console (3.5.1) lib/web_console/middleware.rb:28:in `block in call'
web-console (3.5.1) lib/web_console/middleware.rb:18:in `catch'
web-console (3.5.1) lib/web_console/middleware.rb:18:in `call'
actionpack (5.1.1) lib/action_dispatch/middleware/show_exceptions.rb:31:in `call'
railties (5.1.1) lib/rails/rack/logger.rb:36:in `call_app'
railties (5.1.1) lib/rails/rack/logger.rb:24:in `block in call'
activesupport (5.1.1) lib/active_support/tagged_logging.rb:69:in `block in tagged'
activesupport (5.1.1) lib/active_support/tagged_logging.rb:26:in `tagged'
activesupport (5.1.1) lib/active_support/tagged_logging.rb:69:in `tagged'
railties (5.1.1) lib/rails/rack/logger.rb:24:in `call'
sprockets-rails (3.2.0) lib/sprockets/rails/quiet_assets.rb:13:in `call'
actionpack (5.1.1) lib/action_dispatch/middleware/remote_ip.rb:79:in `call'
actionpack (5.1.1) lib/action_dispatch/middleware/request_id.rb:25:in `call'
rack (2.0.3) lib/rack/method_override.rb:22:in `call'
rack (2.0.3) lib/rack/runtime.rb:22:in `call'
activesupport (5.1.1) lib/active_support/cache/strategy/local_cache_middleware.rb:27:in `call'
actionpack (5.1.1) lib/action_dispatch/middleware/executor.rb:12:in `call'
actionpack (5.1.1) lib/action_dispatch/middleware/static.rb:125:in `call'
rack (2.0.3) lib/rack/sendfile.rb:111:in `call'
railties (5.1.1) lib/rails/engine.rb:522:in `call'
puma (3.9.1) lib/puma/configuration.rb:224:in `call'
puma (3.9.1) lib/puma/server.rb:602:in `handle_request'
puma (3.9.1) lib/puma/server.rb:435:in `process_client'
puma (3.9.1) lib/puma/server.rb:299:in `block in run'
puma (3.9.1) lib/puma/thread_pool.rb:120:in `block in spawn_thread'
Started GET "/" for 127.0.0.1 at 2017-06-26 17:21:19 -0300
Processing by WelcomeController#index as HTML
  [1m[36mUser Load (0.2ms)[0m  [1m[34mSELECT  "users".* FROM "users" WHERE "users"."id" = ? ORDER BY "users"."id" ASC LIMIT ?[0m  [["id", 1], ["LIMIT", 1]]
  Rendering welcome/index.html.erb within layouts/application
  Rendered welcome/index.html.erb within layouts/application (0.5ms)
Completed 200 OK in 36ms (Views: 33.9ms | ActiveRecord: 0.2ms)


Started GET "/" for 127.0.0.1 at 2017-06-26 17:21:38 -0300
Processing by WelcomeController#index as HTML
  [1m[36mUser Load (0.3ms)[0m  [1m[34mSELECT  "users".* FROM "users" WHERE "users"."id" = ? ORDER BY "users"."id" ASC LIMIT ?[0m  [["id", 1], ["LIMIT", 1]]
  Rendering welcome/index.html.erb within layouts/application
  Rendered welcome/index.html.erb within layouts/application (1.6ms)
Completed 200 OK in 12ms (Views: 9.7ms | ActiveRecord: 0.3ms)


Started DELETE "/users/sign_out" for 127.0.0.1 at 2017-06-26 17:21:40 -0300
Processing by Devise::SessionsController#destroy as HTML
  Parameters: {"authenticity_token"=>"rJZY/iBlfP7Cb+HSbt/f3vlLqRLU0lovkOZqaRPhrUdUsqsm+SxTv4yEG4l0c3bFhggsuD1L2HNJEYD+HQgzAQ=="}
  [1m[36mUser Load (0.2ms)[0m  [1m[34mSELECT  "users".* FROM "users" WHERE "users"."id" = ? ORDER BY "users"."id" ASC LIMIT ?[0m  [["id", 1], ["LIMIT", 1]]
  [1m[35m (0.1ms)[0m  [1m[36mbegin transaction[0m
  [1m[35m (0.0ms)[0m  [1m[36mcommit transaction[0m
Redirected to http://0.0.0.0:3000/
Completed 302 Found in 25ms (ActiveRecord: 0.3ms)


Started GET "/" for 127.0.0.1 at 2017-06-26 17:21:40 -0300
Processing by WelcomeController#index as HTML
Completed 401 Unauthorized in 1ms (ActiveRecord: 0.0ms)


Started GET "/users/sign_in" for 127.0.0.1 at 2017-06-26 17:21:40 -0300
Processing by Devise::SessionsController#new as HTML
  Rendering /var/lib/gems/2.3.0/gems/devise-4.3.0/app/views/devise/sessions/new.html.erb within layouts/application
  Rendered /var/lib/gems/2.3.0/gems/devise-4.3.0/app/views/devise/shared/_links.html.erb (0.9ms) [cache miss]
  Rendered /var/lib/gems/2.3.0/gems/devise-4.3.0/app/views/devise/sessions/new.html.erb within layouts/application (3.1ms)
Completed 200 OK in 14ms (Views: 12.8ms | ActiveRecord: 0.0ms)


Started POST "/users/sign_in" for 127.0.0.1 at 2017-06-26 17:21:46 -0300
Processing by Devise::SessionsController#create as HTML
  Parameters: {"utf8"=>"✓", "authenticity_token"=>"h80er2brtHd0cYJCzvgFx0yOlINEV3Lh8NAezbu8mMArn4sKp31P68QKiiG8TtkHBSUMHR5EoUxxN4DH+rp1BQ==", "user"=>{"email"=>"tavioalves@gmail.com", "password"=>"[FILTERED]", "remember_me"=>"0"}, "commit"=>"Log in"}
  [1m[36mUser Load (0.3ms)[0m  [1m[34mSELECT  "users".* FROM "users" WHERE "users"."email" = ? ORDER BY "users"."id" ASC LIMIT ?[0m  [["email", "tavioalves@gmail.com"], ["LIMIT", 1]]
  [1m[35m (0.1ms)[0m  [1m[36mbegin transaction[0m
  [1m[35mSQL (0.6ms)[0m  [1m[33mUPDATE "users" SET "current_sign_in_at" = ?, "sign_in_count" = ?, "updated_at" = ? WHERE "users"."id" = ?[0m  [["current_sign_in_at", "2017-06-26 20:21:46.664128"], ["sign_in_count", 2], ["updated_at", "2017-06-26 20:21:46.664697"], ["id", 1]]
  [1m[35m (49.7ms)[0m  [1m[36mcommit transaction[0m
Redirected to http://0.0.0.0:3000/
Completed 302 Found in 173ms (ActiveRecord: 50.7ms)


Started GET "/" for 127.0.0.1 at 2017-06-26 17:21:46 -0300
Processing by WelcomeController#index as HTML
  [1m[36mUser Load (0.5ms)[0m  [1m[34mSELECT  "users".* FROM "users" WHERE "users"."id" = ? ORDER BY "users"."id" ASC LIMIT ?[0m  [["id", 1], ["LIMIT", 1]]
  Rendering welcome/index.html.erb within layouts/application
  Rendered welcome/index.html.erb within layouts/application (0.5ms)
Completed 200 OK in 14ms (Views: 9.7ms | ActiveRecord: 0.5ms)


